2025-06-10 21:42:54.163 [main] INFO  org.zishu.TliasWebManagementApplication-Starting TliasWebManagementApplication using Java 17.0.4.1 with PID 20884 (D:\idea\code\SpringBoot-web-learn\tlias-web-management\target\classes started by lizis in D:\idea\code\SpringBoot-web-learn)
2025-06-10 21:42:54.164 [main] INFO  org.zishu.TliasWebManagementApplication-No active profile set, falling back to 1 default profile: "default"
2025-06-10 21:42:54.987 [main] INFO  o.s.boot.web.embedded.tomcat.TomcatWebServer-Tomcat initialized with port 8080 (http)
2025-06-10 21:42:54.989 [main] INFO  org.apache.catalina.core.AprLifecycleListener-Loaded Apache Tomcat Native library [2.0.8] using APR version [1.7.4].
2025-06-10 21:42:55.003 [main] INFO  org.apache.catalina.core.AprLifecycleListener-OpenSSL successfully initialized [OpenSSL 3.0.14 4 Jun 2024]
2025-06-10 21:42:55.011 [main] INFO  org.apache.coyote.http11.Http11NioProtocol-Initializing ProtocolHandler ["http-nio-8080"]
2025-06-10 21:42:55.011 [main] INFO  org.apache.catalina.core.StandardService-Starting service [Tomcat]
2025-06-10 21:42:55.013 [main] INFO  org.apache.catalina.core.StandardEngine-Starting Servlet engine: [Apache Tomcat/10.1.40]
2025-06-10 21:42:55.060 [main] INFO  o.a.c.core.ContainerBase.[Tomcat].[localhost].[/]-Initializing Spring embedded WebApplicationContext
2025-06-10 21:42:55.060 [main] INFO  o.s.b.w.s.c.ServletWebServerApplicationContext-Root WebApplicationContext: initialization completed in 862 ms
2025-06-10 21:42:55.664 [main] INFO  org.apache.coyote.http11.Http11NioProtocol-Starting ProtocolHandler ["http-nio-8080"]
2025-06-10 21:42:55.680 [main] INFO  o.s.boot.web.embedded.tomcat.TomcatWebServer-Tomcat started on port 8080 (http) with context path '/'
2025-06-10 21:42:55.687 [main] INFO  org.zishu.TliasWebManagementApplication-Started TliasWebManagementApplication in 1.838 seconds (process running for 3.093)
2025-06-10 21:43:05.850 [http-nio-8080-exec-2] INFO  o.a.c.core.ContainerBase.[Tomcat].[localhost].[/]-Initializing Spring DispatcherServlet 'dispatcherServlet'
2025-06-10 21:43:05.851 [http-nio-8080-exec-2] INFO  org.springframework.web.servlet.DispatcherServlet-Initializing Servlet 'dispatcherServlet'
2025-06-10 21:43:05.852 [http-nio-8080-exec-2] INFO  org.springframework.web.servlet.DispatcherServlet-Completed initialization in 1 ms
2025-06-10 21:43:05.890 [http-nio-8080-exec-2] INFO  org.zishu.controller.StudentController-分页查询：StudentQueryParam(name=张三, degree=1, clazzId=3, page=1, pageSize=10)
2025-06-10 21:43:05.999 [http-nio-8080-exec-2] INFO  com.alibaba.druid.pool.DruidDataSource-{dataSource-1} inited
2025-06-10 21:43:49.864 [http-nio-8080-exec-3] INFO  org.zishu.controller.StudentController-分页查询：StudentQueryParam(name=阿, degree=4, clazzId=1, page=1, pageSize=10)
2025-06-10 21:45:06.207 [http-nio-8080-exec-6] INFO  org.zishu.controller.StudentController-分页查询：StudentQueryParam(name=阿, degree=4, clazzId=1, page=1, pageSize=10)
2025-06-10 21:50:55.807 [http-nio-8080-exec-9] INFO  org.zishu.controller.EmpController-查询全部员工信息
2025-06-10 21:50:55.811 [http-nio-8080-exec-8] INFO  org.zishu.controller.ClazzController-分页查询:ClazzQueryParam(name=, pageSize=10, page=1, begin=null, end=null)
2025-06-10 21:50:58.555 [http-nio-8080-exec-1] INFO  org.zishu.controller.ClazzController-查询所有班级信息
2025-06-10 21:50:58.555 [http-nio-8080-exec-10] INFO  org.zishu.controller.StudentController-分页查询：StudentQueryParam(name=, degree=null, clazzId=null, page=1, pageSize=10)
2025-06-10 21:51:02.631 [http-nio-8080-exec-2] INFO  org.zishu.controller.StudentController-分页查询：StudentQueryParam(name=, degree=null, clazzId=null, page=2, pageSize=10)
2025-06-10 21:51:03.727 [http-nio-8080-exec-3] INFO  org.zishu.controller.StudentController-分页查询：StudentQueryParam(name=, degree=null, clazzId=null, page=1, pageSize=10)
2025-06-10 21:51:17.095 [http-nio-8080-exec-4] INFO  org.zishu.controller.ReportController-统计员工职位人数
2025-06-10 21:51:17.100 [http-nio-8080-exec-5] INFO  org.zishu.controller.ReportController-统计员工性别人数
2025-06-10 21:51:18.957 [http-nio-8080-exec-7] INFO  org.zishu.controller.DeptController-查询所有部门信息
2025-06-10 21:51:18.958 [http-nio-8080-exec-6] INFO  org.zishu.controller.EmpController-分页查询：EmpQueryParam(page=1, pageSize=10, name=, gender=null, begin=null, end=null)
2025-06-10 21:51:19.784 [http-nio-8080-exec-8] INFO  org.zishu.controller.DeptController-查询所有部门信息
2025-06-10 21:51:20.367 [http-nio-8080-exec-1] INFO  org.zishu.controller.DeptController-查询所有部门信息
2025-06-10 21:51:20.367 [http-nio-8080-exec-9] INFO  org.zishu.controller.EmpController-分页查询：EmpQueryParam(page=1, pageSize=10, name=, gender=null, begin=null, end=null)
2025-06-10 21:51:21.546 [http-nio-8080-exec-2] INFO  org.zishu.controller.ClazzController-查询所有班级信息
2025-06-10 21:51:21.546 [http-nio-8080-exec-10] INFO  org.zishu.controller.StudentController-分页查询：StudentQueryParam(name=, degree=null, clazzId=null, page=1, pageSize=10)
2025-06-10 21:51:22.028 [http-nio-8080-exec-3] INFO  org.zishu.controller.DeptController-查询所有部门信息
2025-06-10 21:51:22.340 [http-nio-8080-exec-5] INFO  org.zishu.controller.DeptController-查询所有部门信息
2025-06-10 21:51:22.340 [http-nio-8080-exec-4] INFO  org.zishu.controller.EmpController-分页查询：EmpQueryParam(page=1, pageSize=10, name=, gender=null, begin=null, end=null)
2025-06-10 21:51:23.331 [http-nio-8080-exec-7] INFO  org.zishu.controller.DeptController-查询所有部门信息
2025-06-10 21:51:25.082 [http-nio-8080-exec-8] INFO  org.zishu.controller.ClazzController-查询所有班级信息
2025-06-10 21:51:25.082 [http-nio-8080-exec-6] INFO  org.zishu.controller.StudentController-分页查询：StudentQueryParam(name=, degree=null, clazzId=null, page=1, pageSize=10)
2025-06-10 21:51:25.774 [http-nio-8080-exec-9] INFO  org.zishu.controller.EmpController-查询全部员工信息
2025-06-10 21:51:25.774 [http-nio-8080-exec-1] INFO  org.zishu.controller.ClazzController-分页查询:ClazzQueryParam(name=, pageSize=10, page=1, begin=null, end=null)
2025-06-10 21:51:26.636 [http-nio-8080-exec-2] INFO  org.zishu.controller.ClazzController-查询所有班级信息
2025-06-10 21:51:26.637 [http-nio-8080-exec-10] INFO  org.zishu.controller.StudentController-分页查询：StudentQueryParam(name=, degree=null, clazzId=null, page=1, pageSize=10)
2025-06-10 21:51:32.940 [http-nio-8080-exec-3] ERROR org.zishu.exception.GlobalExceptionHandler-程序出错了
org.springframework.web.servlet.resource.NoResourceFoundException: No static resource login.
	at org.springframework.web.servlet.resource.ResourceHttpRequestHandler.handleRequest(ResourceHttpRequestHandler.java:585)
	at org.springframework.web.servlet.mvc.HttpRequestHandlerAdapter.handle(HttpRequestHandlerAdapter.java:52)
	at org.springframework.web.servlet.DispatcherServlet.doDispatch(DispatcherServlet.java:1089)
	at org.springframework.web.servlet.DispatcherServlet.doService(DispatcherServlet.java:979)
	at org.springframework.web.servlet.FrameworkServlet.processRequest(FrameworkServlet.java:1014)
	at org.springframework.web.servlet.FrameworkServlet.doPost(FrameworkServlet.java:914)
	at jakarta.servlet.http.HttpServlet.service(HttpServlet.java:590)
	at org.springframework.web.servlet.FrameworkServlet.service(FrameworkServlet.java:885)
	at jakarta.servlet.http.HttpServlet.service(HttpServlet.java:658)
	at org.apache.catalina.core.ApplicationFilterChain.internalDoFilter(ApplicationFilterChain.java:195)
	at org.apache.catalina.core.ApplicationFilterChain.doFilter(ApplicationFilterChain.java:140)
	at org.apache.tomcat.websocket.server.WsFilter.doFilter(WsFilter.java:51)
	at org.apache.catalina.core.ApplicationFilterChain.internalDoFilter(ApplicationFilterChain.java:164)
	at org.apache.catalina.core.ApplicationFilterChain.doFilter(ApplicationFilterChain.java:140)
	at org.springframework.web.filter.RequestContextFilter.doFilterInternal(RequestContextFilter.java:100)
	at org.springframework.web.filter.OncePerRequestFilter.doFilter(OncePerRequestFilter.java:116)
	at org.apache.catalina.core.ApplicationFilterChain.internalDoFilter(ApplicationFilterChain.java:164)
	at org.apache.catalina.core.ApplicationFilterChain.doFilter(ApplicationFilterChain.java:140)
	at org.springframework.web.filter.FormContentFilter.doFilterInternal(FormContentFilter.java:93)
	at org.springframework.web.filter.OncePerRequestFilter.doFilter(OncePerRequestFilter.java:116)
	at org.apache.catalina.core.ApplicationFilterChain.internalDoFilter(ApplicationFilterChain.java:164)
	at org.apache.catalina.core.ApplicationFilterChain.doFilter(ApplicationFilterChain.java:140)
	at org.springframework.web.filter.CharacterEncodingFilter.doFilterInternal(CharacterEncodingFilter.java:201)
	at org.springframework.web.filter.OncePerRequestFilter.doFilter(OncePerRequestFilter.java:116)
	at org.apache.catalina.core.ApplicationFilterChain.internalDoFilter(ApplicationFilterChain.java:164)
	at org.apache.catalina.core.ApplicationFilterChain.doFilter(ApplicationFilterChain.java:140)
	at org.apache.catalina.core.StandardWrapperValve.invoke(StandardWrapperValve.java:167)
	at org.apache.catalina.core.StandardContextValve.invoke(StandardContextValve.java:90)
	at org.apache.catalina.authenticator.AuthenticatorBase.invoke(AuthenticatorBase.java:483)
	at org.apache.catalina.core.StandardHostValve.invoke(StandardHostValve.java:116)
	at org.apache.catalina.valves.ErrorReportValve.invoke(ErrorReportValve.java:93)
	at org.apache.catalina.core.StandardEngineValve.invoke(StandardEngineValve.java:74)
	at org.apache.catalina.connector.CoyoteAdapter.service(CoyoteAdapter.java:344)
	at org.apache.coyote.http11.Http11Processor.service(Http11Processor.java:398)
	at org.apache.coyote.AbstractProcessorLight.process(AbstractProcessorLight.java:63)
	at org.apache.coyote.AbstractProtocol$ConnectionHandler.process(AbstractProtocol.java:903)
	at org.apache.tomcat.util.net.NioEndpoint$SocketProcessor.doRun(NioEndpoint.java:1740)
	at org.apache.tomcat.util.net.SocketProcessorBase.run(SocketProcessorBase.java:52)
	at org.apache.tomcat.util.threads.ThreadPoolExecutor.runWorker(ThreadPoolExecutor.java:1189)
	at org.apache.tomcat.util.threads.ThreadPoolExecutor$Worker.run(ThreadPoolExecutor.java:658)
	at org.apache.tomcat.util.threads.TaskThread$WrappingRunnable.run(TaskThread.java:63)
	at java.base/java.lang.Thread.run(Thread.java:833)
2025-06-10 21:51:40.554 [http-nio-8080-exec-4] INFO  org.zishu.controller.ClazzController-查询所有班级信息
2025-06-10 21:51:40.555 [http-nio-8080-exec-5] INFO  org.zishu.controller.StudentController-分页查询：StudentQueryParam(name=, degree=null, clazzId=null, page=1, pageSize=10)
2025-06-10 22:23:06.917 [SpringApplicationShutdownHook] INFO  o.s.boot.web.embedded.tomcat.GracefulShutdown-Commencing graceful shutdown. Waiting for active requests to complete
2025-06-10 22:23:07.445 [tomcat-shutdown] INFO  o.s.boot.web.embedded.tomcat.GracefulShutdown-Graceful shutdown complete
2025-06-10 22:23:07.447 [SpringApplicationShutdownHook] INFO  com.alibaba.druid.pool.DruidDataSource-{dataSource-1} closing ...
2025-06-10 22:23:07.448 [SpringApplicationShutdownHook] INFO  com.alibaba.druid.pool.DruidDataSource-{dataSource-1} closed
2025-06-10 22:23:11.627 [main] INFO  org.zishu.TliasWebManagementApplication-Starting TliasWebManagementApplication using Java 17.0.4.1 with PID 11708 (D:\idea\code\SpringBoot-web-learn\tlias-web-management\target\classes started by lizis in D:\idea\code\SpringBoot-web-learn)
2025-06-10 22:23:11.628 [main] INFO  org.zishu.TliasWebManagementApplication-No active profile set, falling back to 1 default profile: "default"
2025-06-10 22:23:12.368 [main] INFO  o.s.boot.web.embedded.tomcat.TomcatWebServer-Tomcat initialized with port 8080 (http)
2025-06-10 22:23:12.370 [main] INFO  org.apache.catalina.core.AprLifecycleListener-Loaded Apache Tomcat Native library [2.0.8] using APR version [1.7.4].
2025-06-10 22:23:12.374 [main] INFO  org.apache.catalina.core.AprLifecycleListener-OpenSSL successfully initialized [OpenSSL 3.0.14 4 Jun 2024]
2025-06-10 22:23:12.381 [main] INFO  org.apache.coyote.http11.Http11NioProtocol-Initializing ProtocolHandler ["http-nio-8080"]
2025-06-10 22:23:12.382 [main] INFO  org.apache.catalina.core.StandardService-Starting service [Tomcat]
2025-06-10 22:23:12.382 [main] INFO  org.apache.catalina.core.StandardEngine-Starting Servlet engine: [Apache Tomcat/10.1.40]
2025-06-10 22:23:12.422 [main] INFO  o.a.c.core.ContainerBase.[Tomcat].[localhost].[/]-Initializing Spring embedded WebApplicationContext
2025-06-10 22:23:12.422 [main] INFO  o.s.b.w.s.c.ServletWebServerApplicationContext-Root WebApplicationContext: initialization completed in 765 ms
2025-06-10 22:23:12.975 [main] INFO  org.apache.coyote.http11.Http11NioProtocol-Starting ProtocolHandler ["http-nio-8080"]
2025-06-10 22:23:12.992 [main] INFO  o.s.boot.web.embedded.tomcat.TomcatWebServer-Tomcat started on port 8080 (http) with context path '/'
2025-06-10 22:23:12.998 [main] INFO  org.zishu.TliasWebManagementApplication-Started TliasWebManagementApplication in 1.642 seconds (process running for 2.385)
2025-06-10 22:23:24.899 [http-nio-8080-exec-2] INFO  o.a.c.core.ContainerBase.[Tomcat].[localhost].[/]-Initializing Spring DispatcherServlet 'dispatcherServlet'
2025-06-10 22:23:24.899 [http-nio-8080-exec-2] INFO  org.springframework.web.servlet.DispatcherServlet-Initializing Servlet 'dispatcherServlet'
2025-06-10 22:23:24.900 [http-nio-8080-exec-2] INFO  org.springframework.web.servlet.DispatcherServlet-Completed initialization in 1 ms
2025-06-10 22:23:24.924 [http-nio-8080-exec-1] INFO  org.zishu.controller.ClazzController-查询所有班级信息
2025-06-10 22:23:24.935 [http-nio-8080-exec-2] INFO  org.zishu.controller.StudentController-分页查询：StudentQueryParam(name=, degree=null, clazzId=null, page=1, pageSize=10)
2025-06-10 22:23:24.977 [http-nio-8080-exec-1] INFO  com.alibaba.druid.pool.DruidDataSource-{dataSource-1} inited
2025-06-10 22:25:21.582 [http-nio-8080-exec-3] INFO  org.zishu.controller.StudentController-新增员工：Student(id=null, name=谭峰, no=2025061022, gender=1, phone=13396961616, degree=5, idCard=110110110110110558, idCollege=null, address=北京市朝阳区三栋零一, graduationDate=2026-06-11, violationCount=null, violationScore=null, clazzId=10, clazzName=null, createTime=null, updateTime=null)
2025-06-10 22:25:21.595 [http-nio-8080-exec-3] ERROR org.zishu.exception.GlobalExceptionHandler-程序出错了
org.mybatis.spring.MyBatisSystemException: 
### Error updating database.  Cause: org.apache.ibatis.reflection.ReflectionException: There is no getter for property named 'isCollege' in 'class org.zishu.pojo.Student'
### The error may exist in org/zishu/mapper/StudentMapper.java (best guess)
### The error may involve org.zishu.mapper.StudentMapper.insert-Inline
### The error occurred while setting parameters
### SQL: INSERT INTO student(name, no, gender, phone, id_card, is_college, address, degree, graduation_date, clazz_id, create_time, update_time)VALUES (?,?, ?, ?,?, ?, ?, ?, ?, ?, ?, ?)
### Cause: org.apache.ibatis.reflection.ReflectionException: There is no getter for property named 'isCollege' in 'class org.zishu.pojo.Student'
	at org.mybatis.spring.MyBatisExceptionTranslator.translateExceptionIfPossible(MyBatisExceptionTranslator.java:99)
	at org.mybatis.spring.SqlSessionTemplate$SqlSessionInterceptor.invoke(SqlSessionTemplate.java:347)
	at jdk.proxy2/jdk.proxy2.$Proxy68.insert(Unknown Source)
	at org.mybatis.spring.SqlSessionTemplate.insert(SqlSessionTemplate.java:224)
	at org.apache.ibatis.binding.MapperMethod.execute(MapperMethod.java:62)
	at org.apache.ibatis.binding.MapperProxy$PlainMethodInvoker.invoke(MapperProxy.java:141)
	at org.apache.ibatis.binding.MapperProxy.invoke(MapperProxy.java:86)
	at jdk.proxy2/jdk.proxy2.$Proxy81.insert(Unknown Source)
	at org.zishu.service.impl.StudentServiceImpl.save(StudentServiceImpl.java:40)
	at org.zishu.controller.StudentController.add(StudentController.java:40)
	at java.base/jdk.internal.reflect.NativeMethodAccessorImpl.invoke0(Native Method)
	at java.base/jdk.internal.reflect.NativeMethodAccessorImpl.invoke(NativeMethodAccessorImpl.java:77)
	at java.base/jdk.internal.reflect.DelegatingMethodAccessorImpl.invoke(DelegatingMethodAccessorImpl.java:43)
	at java.base/java.lang.reflect.Method.invoke(Method.java:568)
	at org.springframework.web.method.support.InvocableHandlerMethod.doInvoke(InvocableHandlerMethod.java:258)
	at org.springframework.web.method.support.InvocableHandlerMethod.invokeForRequest(InvocableHandlerMethod.java:191)
	at org.springframework.web.servlet.mvc.method.annotation.ServletInvocableHandlerMethod.invokeAndHandle(ServletInvocableHandlerMethod.java:118)
	at org.springframework.web.servlet.mvc.method.annotation.RequestMappingHandlerAdapter.invokeHandlerMethod(RequestMappingHandlerAdapter.java:986)
	at org.springframework.web.servlet.mvc.method.annotation.RequestMappingHandlerAdapter.handleInternal(RequestMappingHandlerAdapter.java:891)
	at org.springframework.web.servlet.mvc.method.AbstractHandlerMethodAdapter.handle(AbstractHandlerMethodAdapter.java:87)
	at org.springframework.web.servlet.DispatcherServlet.doDispatch(DispatcherServlet.java:1089)
	at org.springframework.web.servlet.DispatcherServlet.doService(DispatcherServlet.java:979)
	at org.springframework.web.servlet.FrameworkServlet.processRequest(FrameworkServlet.java:1014)
	at org.springframework.web.servlet.FrameworkServlet.doPost(FrameworkServlet.java:914)
	at jakarta.servlet.http.HttpServlet.service(HttpServlet.java:590)
	at org.springframework.web.servlet.FrameworkServlet.service(FrameworkServlet.java:885)
	at jakarta.servlet.http.HttpServlet.service(HttpServlet.java:658)
	at org.apache.catalina.core.ApplicationFilterChain.internalDoFilter(ApplicationFilterChain.java:195)
	at org.apache.catalina.core.ApplicationFilterChain.doFilter(ApplicationFilterChain.java:140)
	at org.apache.tomcat.websocket.server.WsFilter.doFilter(WsFilter.java:51)
	at org.apache.catalina.core.ApplicationFilterChain.internalDoFilter(ApplicationFilterChain.java:164)
	at org.apache.catalina.core.ApplicationFilterChain.doFilter(ApplicationFilterChain.java:140)
	at org.springframework.web.filter.RequestContextFilter.doFilterInternal(RequestContextFilter.java:100)
	at org.springframework.web.filter.OncePerRequestFilter.doFilter(OncePerRequestFilter.java:116)
	at org.apache.catalina.core.ApplicationFilterChain.internalDoFilter(ApplicationFilterChain.java:164)
	at org.apache.catalina.core.ApplicationFilterChain.doFilter(ApplicationFilterChain.java:140)
	at org.springframework.web.filter.FormContentFilter.doFilterInternal(FormContentFilter.java:93)
	at org.springframework.web.filter.OncePerRequestFilter.doFilter(OncePerRequestFilter.java:116)
	at org.apache.catalina.core.ApplicationFilterChain.internalDoFilter(ApplicationFilterChain.java:164)
	at org.apache.catalina.core.ApplicationFilterChain.doFilter(ApplicationFilterChain.java:140)
	at org.springframework.web.filter.CharacterEncodingFilter.doFilterInternal(CharacterEncodingFilter.java:201)
	at org.springframework.web.filter.OncePerRequestFilter.doFilter(OncePerRequestFilter.java:116)
	at org.apache.catalina.core.ApplicationFilterChain.internalDoFilter(ApplicationFilterChain.java:164)
	at org.apache.catalina.core.ApplicationFilterChain.doFilter(ApplicationFilterChain.java:140)
	at org.apache.catalina.core.StandardWrapperValve.invoke(StandardWrapperValve.java:167)
	at org.apache.catalina.core.StandardContextValve.invoke(StandardContextValve.java:90)
	at org.apache.catalina.authenticator.AuthenticatorBase.invoke(AuthenticatorBase.java:483)
	at org.apache.catalina.core.StandardHostValve.invoke(StandardHostValve.java:116)
	at org.apache.catalina.valves.ErrorReportValve.invoke(ErrorReportValve.java:93)
	at org.apache.catalina.core.StandardEngineValve.invoke(StandardEngineValve.java:74)
	at org.apache.catalina.connector.CoyoteAdapter.service(CoyoteAdapter.java:344)
	at org.apache.coyote.http11.Http11Processor.service(Http11Processor.java:398)
	at org.apache.coyote.AbstractProcessorLight.process(AbstractProcessorLight.java:63)
	at org.apache.coyote.AbstractProtocol$ConnectionHandler.process(AbstractProtocol.java:903)
	at org.apache.tomcat.util.net.NioEndpoint$SocketProcessor.doRun(NioEndpoint.java:1740)
	at org.apache.tomcat.util.net.SocketProcessorBase.run(SocketProcessorBase.java:52)
	at org.apache.tomcat.util.threads.ThreadPoolExecutor.runWorker(ThreadPoolExecutor.java:1189)
	at org.apache.tomcat.util.threads.ThreadPoolExecutor$Worker.run(ThreadPoolExecutor.java:658)
	at org.apache.tomcat.util.threads.TaskThread$WrappingRunnable.run(TaskThread.java:63)
	at java.base/java.lang.Thread.run(Thread.java:833)
Caused by: org.apache.ibatis.reflection.ReflectionException: There is no getter for property named 'isCollege' in 'class org.zishu.pojo.Student'
	at org.apache.ibatis.reflection.Reflector.getGetInvoker(Reflector.java:385)
	at org.apache.ibatis.reflection.MetaClass.getGetInvoker(MetaClass.java:160)
	at org.apache.ibatis.reflection.wrapper.BeanWrapper.getBeanProperty(BeanWrapper.java:156)
	at org.apache.ibatis.reflection.wrapper.BeanWrapper.get(BeanWrapper.java:50)
	at org.apache.ibatis.reflection.MetaObject.getValue(MetaObject.java:115)
	at org.apache.ibatis.scripting.defaults.DefaultParameterHandler.setParameters(DefaultParameterHandler.java:82)
	at org.apache.ibatis.executor.statement.PreparedStatementHandler.parameterize(PreparedStatementHandler.java:97)
	at org.apache.ibatis.executor.statement.RoutingStatementHandler.parameterize(RoutingStatementHandler.java:65)
	at org.apache.ibatis.executor.SimpleExecutor.prepareStatement(SimpleExecutor.java:91)
	at org.apache.ibatis.executor.SimpleExecutor.doUpdate(SimpleExecutor.java:49)
	at org.apache.ibatis.executor.BaseExecutor.update(BaseExecutor.java:117)
	at org.apache.ibatis.executor.CachingExecutor.update(CachingExecutor.java:76)
	at java.base/jdk.internal.reflect.NativeMethodAccessorImpl.invoke0(Native Method)
	at java.base/jdk.internal.reflect.NativeMethodAccessorImpl.invoke(NativeMethodAccessorImpl.java:77)
	at java.base/jdk.internal.reflect.DelegatingMethodAccessorImpl.invoke(DelegatingMethodAccessorImpl.java:43)
	at java.base/java.lang.reflect.Method.invoke(Method.java:568)
	at org.apache.ibatis.plugin.Plugin.invoke(Plugin.java:61)
	at jdk.proxy2/jdk.proxy2.$Proxy90.update(Unknown Source)
	at org.apache.ibatis.session.defaults.DefaultSqlSession.update(DefaultSqlSession.java:197)
	at org.apache.ibatis.session.defaults.DefaultSqlSession.insert(DefaultSqlSession.java:184)
	at java.base/jdk.internal.reflect.NativeMethodAccessorImpl.invoke0(Native Method)
	at java.base/jdk.internal.reflect.NativeMethodAccessorImpl.invoke(NativeMethodAccessorImpl.java:77)
	at java.base/jdk.internal.reflect.DelegatingMethodAccessorImpl.invoke(DelegatingMethodAccessorImpl.java:43)
	at java.base/java.lang.reflect.Method.invoke(Method.java:568)
	at org.mybatis.spring.SqlSessionTemplate$SqlSessionInterceptor.invoke(SqlSessionTemplate.java:333)
	... 58 common frames omitted
2025-06-10 22:25:56.482 [http-nio-8080-exec-4] INFO  org.zishu.controller.StudentController-新增员工：Student(id=null, name=谭峰, no=2025061022, gender=1, phone=13396961616, degree=5, idCard=110110110110110558, idCollege=null, address=北京市朝阳区三栋零一, graduationDate=2026-06-11, violationCount=null, violationScore=null, clazzId=10, clazzName=null, createTime=null, updateTime=null)
2025-06-10 22:25:56.484 [http-nio-8080-exec-4] ERROR org.zishu.exception.GlobalExceptionHandler-程序出错了
org.mybatis.spring.MyBatisSystemException: 
### Error updating database.  Cause: org.apache.ibatis.reflection.ReflectionException: There is no getter for property named 'isCollege' in 'class org.zishu.pojo.Student'
### The error may exist in org/zishu/mapper/StudentMapper.java (best guess)
### The error may involve org.zishu.mapper.StudentMapper.insert-Inline
### The error occurred while setting parameters
### SQL: INSERT INTO student(name, no, gender, phone, id_card, is_college, address, degree, graduation_date, clazz_id, create_time, update_time)VALUES (?,?, ?, ?,?, ?, ?, ?, ?, ?, ?, ?)
### Cause: org.apache.ibatis.reflection.ReflectionException: There is no getter for property named 'isCollege' in 'class org.zishu.pojo.Student'
	at org.mybatis.spring.MyBatisExceptionTranslator.translateExceptionIfPossible(MyBatisExceptionTranslator.java:99)
	at org.mybatis.spring.SqlSessionTemplate$SqlSessionInterceptor.invoke(SqlSessionTemplate.java:347)
	at jdk.proxy2/jdk.proxy2.$Proxy68.insert(Unknown Source)
	at org.mybatis.spring.SqlSessionTemplate.insert(SqlSessionTemplate.java:224)
	at org.apache.ibatis.binding.MapperMethod.execute(MapperMethod.java:62)
	at org.apache.ibatis.binding.MapperProxy$PlainMethodInvoker.invoke(MapperProxy.java:141)
	at org.apache.ibatis.binding.MapperProxy.invoke(MapperProxy.java:86)
	at jdk.proxy2/jdk.proxy2.$Proxy81.insert(Unknown Source)
	at org.zishu.service.impl.StudentServiceImpl.save(StudentServiceImpl.java:40)
	at org.zishu.controller.StudentController.add(StudentController.java:40)
	at java.base/jdk.internal.reflect.NativeMethodAccessorImpl.invoke0(Native Method)
	at java.base/jdk.internal.reflect.NativeMethodAccessorImpl.invoke(NativeMethodAccessorImpl.java:77)
	at java.base/jdk.internal.reflect.DelegatingMethodAccessorImpl.invoke(DelegatingMethodAccessorImpl.java:43)
	at java.base/java.lang.reflect.Method.invoke(Method.java:568)
	at org.springframework.web.method.support.InvocableHandlerMethod.doInvoke(InvocableHandlerMethod.java:258)
	at org.springframework.web.method.support.InvocableHandlerMethod.invokeForRequest(InvocableHandlerMethod.java:191)
	at org.springframework.web.servlet.mvc.method.annotation.ServletInvocableHandlerMethod.invokeAndHandle(ServletInvocableHandlerMethod.java:118)
	at org.springframework.web.servlet.mvc.method.annotation.RequestMappingHandlerAdapter.invokeHandlerMethod(RequestMappingHandlerAdapter.java:986)
	at org.springframework.web.servlet.mvc.method.annotation.RequestMappingHandlerAdapter.handleInternal(RequestMappingHandlerAdapter.java:891)
	at org.springframework.web.servlet.mvc.method.AbstractHandlerMethodAdapter.handle(AbstractHandlerMethodAdapter.java:87)
	at org.springframework.web.servlet.DispatcherServlet.doDispatch(DispatcherServlet.java:1089)
	at org.springframework.web.servlet.DispatcherServlet.doService(DispatcherServlet.java:979)
	at org.springframework.web.servlet.FrameworkServlet.processRequest(FrameworkServlet.java:1014)
	at org.springframework.web.servlet.FrameworkServlet.doPost(FrameworkServlet.java:914)
	at jakarta.servlet.http.HttpServlet.service(HttpServlet.java:590)
	at org.springframework.web.servlet.FrameworkServlet.service(FrameworkServlet.java:885)
	at jakarta.servlet.http.HttpServlet.service(HttpServlet.java:658)
	at org.apache.catalina.core.ApplicationFilterChain.internalDoFilter(ApplicationFilterChain.java:195)
	at org.apache.catalina.core.ApplicationFilterChain.doFilter(ApplicationFilterChain.java:140)
	at org.apache.tomcat.websocket.server.WsFilter.doFilter(WsFilter.java:51)
	at org.apache.catalina.core.ApplicationFilterChain.internalDoFilter(ApplicationFilterChain.java:164)
	at org.apache.catalina.core.ApplicationFilterChain.doFilter(ApplicationFilterChain.java:140)
	at org.springframework.web.filter.RequestContextFilter.doFilterInternal(RequestContextFilter.java:100)
	at org.springframework.web.filter.OncePerRequestFilter.doFilter(OncePerRequestFilter.java:116)
	at org.apache.catalina.core.ApplicationFilterChain.internalDoFilter(ApplicationFilterChain.java:164)
	at org.apache.catalina.core.ApplicationFilterChain.doFilter(ApplicationFilterChain.java:140)
	at org.springframework.web.filter.FormContentFilter.doFilterInternal(FormContentFilter.java:93)
	at org.springframework.web.filter.OncePerRequestFilter.doFilter(OncePerRequestFilter.java:116)
	at org.apache.catalina.core.ApplicationFilterChain.internalDoFilter(ApplicationFilterChain.java:164)
	at org.apache.catalina.core.ApplicationFilterChain.doFilter(ApplicationFilterChain.java:140)
	at org.springframework.web.filter.CharacterEncodingFilter.doFilterInternal(CharacterEncodingFilter.java:201)
	at org.springframework.web.filter.OncePerRequestFilter.doFilter(OncePerRequestFilter.java:116)
	at org.apache.catalina.core.ApplicationFilterChain.internalDoFilter(ApplicationFilterChain.java:164)
	at org.apache.catalina.core.ApplicationFilterChain.doFilter(ApplicationFilterChain.java:140)
	at org.apache.catalina.core.StandardWrapperValve.invoke(StandardWrapperValve.java:167)
	at org.apache.catalina.core.StandardContextValve.invoke(StandardContextValve.java:90)
	at org.apache.catalina.authenticator.AuthenticatorBase.invoke(AuthenticatorBase.java:483)
	at org.apache.catalina.core.StandardHostValve.invoke(StandardHostValve.java:116)
	at org.apache.catalina.valves.ErrorReportValve.invoke(ErrorReportValve.java:93)
	at org.apache.catalina.core.StandardEngineValve.invoke(StandardEngineValve.java:74)
	at org.apache.catalina.connector.CoyoteAdapter.service(CoyoteAdapter.java:344)
	at org.apache.coyote.http11.Http11Processor.service(Http11Processor.java:398)
	at org.apache.coyote.AbstractProcessorLight.process(AbstractProcessorLight.java:63)
	at org.apache.coyote.AbstractProtocol$ConnectionHandler.process(AbstractProtocol.java:903)
	at org.apache.tomcat.util.net.NioEndpoint$SocketProcessor.doRun(NioEndpoint.java:1740)
	at org.apache.tomcat.util.net.SocketProcessorBase.run(SocketProcessorBase.java:52)
	at org.apache.tomcat.util.threads.ThreadPoolExecutor.runWorker(ThreadPoolExecutor.java:1189)
	at org.apache.tomcat.util.threads.ThreadPoolExecutor$Worker.run(ThreadPoolExecutor.java:658)
	at org.apache.tomcat.util.threads.TaskThread$WrappingRunnable.run(TaskThread.java:63)
	at java.base/java.lang.Thread.run(Thread.java:833)
Caused by: org.apache.ibatis.reflection.ReflectionException: There is no getter for property named 'isCollege' in 'class org.zishu.pojo.Student'
	at org.apache.ibatis.reflection.Reflector.getGetInvoker(Reflector.java:385)
	at org.apache.ibatis.reflection.MetaClass.getGetInvoker(MetaClass.java:160)
	at org.apache.ibatis.reflection.wrapper.BeanWrapper.getBeanProperty(BeanWrapper.java:156)
	at org.apache.ibatis.reflection.wrapper.BeanWrapper.get(BeanWrapper.java:50)
	at org.apache.ibatis.reflection.MetaObject.getValue(MetaObject.java:115)
	at org.apache.ibatis.scripting.defaults.DefaultParameterHandler.setParameters(DefaultParameterHandler.java:82)
	at org.apache.ibatis.executor.statement.PreparedStatementHandler.parameterize(PreparedStatementHandler.java:97)
	at org.apache.ibatis.executor.statement.RoutingStatementHandler.parameterize(RoutingStatementHandler.java:65)
	at org.apache.ibatis.executor.SimpleExecutor.prepareStatement(SimpleExecutor.java:91)
	at org.apache.ibatis.executor.SimpleExecutor.doUpdate(SimpleExecutor.java:49)
	at org.apache.ibatis.executor.BaseExecutor.update(BaseExecutor.java:117)
	at org.apache.ibatis.executor.CachingExecutor.update(CachingExecutor.java:76)
	at java.base/jdk.internal.reflect.NativeMethodAccessorImpl.invoke0(Native Method)
	at java.base/jdk.internal.reflect.NativeMethodAccessorImpl.invoke(NativeMethodAccessorImpl.java:77)
	at java.base/jdk.internal.reflect.DelegatingMethodAccessorImpl.invoke(DelegatingMethodAccessorImpl.java:43)
	at java.base/java.lang.reflect.Method.invoke(Method.java:568)
	at org.apache.ibatis.plugin.Plugin.invoke(Plugin.java:61)
	at jdk.proxy2/jdk.proxy2.$Proxy90.update(Unknown Source)
	at org.apache.ibatis.session.defaults.DefaultSqlSession.update(DefaultSqlSession.java:197)
	at org.apache.ibatis.session.defaults.DefaultSqlSession.insert(DefaultSqlSession.java:184)
	at java.base/jdk.internal.reflect.NativeMethodAccessorImpl.invoke0(Native Method)
	at java.base/jdk.internal.reflect.NativeMethodAccessorImpl.invoke(NativeMethodAccessorImpl.java:77)
	at java.base/jdk.internal.reflect.DelegatingMethodAccessorImpl.invoke(DelegatingMethodAccessorImpl.java:43)
	at java.base/java.lang.reflect.Method.invoke(Method.java:568)
	at org.mybatis.spring.SqlSessionTemplate$SqlSessionInterceptor.invoke(SqlSessionTemplate.java:333)
	... 58 common frames omitted
2025-06-10 22:26:33.365 [SpringApplicationShutdownHook] INFO  o.s.boot.web.embedded.tomcat.GracefulShutdown-Commencing graceful shutdown. Waiting for active requests to complete
2025-06-10 22:26:33.881 [tomcat-shutdown] INFO  o.s.boot.web.embedded.tomcat.GracefulShutdown-Graceful shutdown complete
2025-06-10 22:26:33.885 [SpringApplicationShutdownHook] INFO  com.alibaba.druid.pool.DruidDataSource-{dataSource-1} closing ...
2025-06-10 22:26:33.889 [SpringApplicationShutdownHook] INFO  com.alibaba.druid.pool.DruidDataSource-{dataSource-1} closed
2025-06-10 22:26:37.835 [main] INFO  org.zishu.TliasWebManagementApplication-Starting TliasWebManagementApplication using Java 17.0.4.1 with PID 11632 (D:\idea\code\SpringBoot-web-learn\tlias-web-management\target\classes started by lizis in D:\idea\code\SpringBoot-web-learn)
2025-06-10 22:26:37.837 [main] INFO  org.zishu.TliasWebManagementApplication-No active profile set, falling back to 1 default profile: "default"
2025-06-10 22:26:38.579 [main] INFO  o.s.boot.web.embedded.tomcat.TomcatWebServer-Tomcat initialized with port 8080 (http)
2025-06-10 22:26:38.581 [main] INFO  org.apache.catalina.core.AprLifecycleListener-Loaded Apache Tomcat Native library [2.0.8] using APR version [1.7.4].
2025-06-10 22:26:38.584 [main] INFO  org.apache.catalina.core.AprLifecycleListener-OpenSSL successfully initialized [OpenSSL 3.0.14 4 Jun 2024]
2025-06-10 22:26:38.591 [main] INFO  org.apache.coyote.http11.Http11NioProtocol-Initializing ProtocolHandler ["http-nio-8080"]
2025-06-10 22:26:38.592 [main] INFO  org.apache.catalina.core.StandardService-Starting service [Tomcat]
2025-06-10 22:26:38.593 [main] INFO  org.apache.catalina.core.StandardEngine-Starting Servlet engine: [Apache Tomcat/10.1.40]
2025-06-10 22:26:38.633 [main] INFO  o.a.c.core.ContainerBase.[Tomcat].[localhost].[/]-Initializing Spring embedded WebApplicationContext
2025-06-10 22:26:38.633 [main] INFO  o.s.b.w.s.c.ServletWebServerApplicationContext-Root WebApplicationContext: initialization completed in 768 ms
2025-06-10 22:26:39.202 [main] INFO  org.apache.coyote.http11.Http11NioProtocol-Starting ProtocolHandler ["http-nio-8080"]
2025-06-10 22:26:39.219 [main] INFO  o.s.boot.web.embedded.tomcat.TomcatWebServer-Tomcat started on port 8080 (http) with context path '/'
2025-06-10 22:26:39.225 [main] INFO  org.zishu.TliasWebManagementApplication-Started TliasWebManagementApplication in 1.667 seconds (process running for 2.382)
2025-06-10 22:26:48.567 [http-nio-8080-exec-1] INFO  o.a.c.core.ContainerBase.[Tomcat].[localhost].[/]-Initializing Spring DispatcherServlet 'dispatcherServlet'
2025-06-10 22:26:48.568 [http-nio-8080-exec-1] INFO  org.springframework.web.servlet.DispatcherServlet-Initializing Servlet 'dispatcherServlet'
2025-06-10 22:26:48.569 [http-nio-8080-exec-1] INFO  org.springframework.web.servlet.DispatcherServlet-Completed initialization in 1 ms
2025-06-10 22:26:48.643 [http-nio-8080-exec-1] INFO  org.zishu.controller.StudentController-新增员工：Student(id=null, name=谭峰, no=2025061022, gender=1, phone=13396961616, degree=5, idCard=110110110110110558, isCollege=1, address=北京市朝阳区三栋零一, graduationDate=2026-06-11, violationCount=null, violationScore=null, clazzId=10, clazzName=null, createTime=null, updateTime=null)
2025-06-10 22:26:48.694 [http-nio-8080-exec-1] INFO  com.alibaba.druid.pool.DruidDataSource-{dataSource-1} inited
2025-06-10 22:26:48.852 [http-nio-8080-exec-2] INFO  org.zishu.controller.StudentController-分页查询：StudentQueryParam(name=, degree=null, clazzId=null, page=1, pageSize=10)
2025-06-10 22:27:25.063 [SpringApplicationShutdownHook] INFO  o.s.boot.web.embedded.tomcat.GracefulShutdown-Commencing graceful shutdown. Waiting for active requests to complete
2025-06-10 22:27:25.582 [tomcat-shutdown] INFO  o.s.boot.web.embedded.tomcat.GracefulShutdown-Graceful shutdown complete
2025-06-10 22:27:25.585 [SpringApplicationShutdownHook] INFO  com.alibaba.druid.pool.DruidDataSource-{dataSource-1} closing ...
2025-06-10 22:27:25.589 [SpringApplicationShutdownHook] INFO  com.alibaba.druid.pool.DruidDataSource-{dataSource-1} closed
