2025-07-14 20:49:50.254 [main] INFO  org.zishu.TliasWebManagementApplication-Starting TliasWebManagementApplication using Java 17.0.4.1 with PID 13348 (D:\idea\code\SpringBoot-web-learn\tlias-web-management\target\classes started by lizis in D:\idea\code\SpringBoot-web-learn)
2025-07-14 20:49:50.255 [main] INFO  org.zishu.TliasWebManagementApplication-No active profile set, falling back to 1 default profile: "default"
2025-07-14 20:49:51.437 [main] INFO  o.s.boot.web.embedded.tomcat.TomcatWebServer-Tomcat initialized with port 8080 (http)
2025-07-14 20:49:51.440 [main] INFO  org.apache.catalina.core.AprLifecycleListener-Loaded Apache Tomcat Native library [2.0.8] using APR version [1.7.4].
2025-07-14 20:49:51.455 [main] INFO  org.apache.catalina.core.AprLifecycleListener-OpenSSL successfully initialized [OpenSSL 3.0.14 4 Jun 2024]
2025-07-14 20:49:51.464 [main] INFO  org.apache.coyote.http11.Http11NioProtocol-Initializing ProtocolHandler ["http-nio-8080"]
2025-07-14 20:49:51.465 [main] INFO  org.apache.catalina.core.StandardService-Starting service [Tomcat]
2025-07-14 20:49:51.465 [main] INFO  org.apache.catalina.core.StandardEngine-Starting Servlet engine: [Apache Tomcat/10.1.40]
2025-07-14 20:49:51.536 [main] INFO  o.a.c.core.ContainerBase.[Tomcat].[localhost].[/]-Initializing Spring embedded WebApplicationContext
2025-07-14 20:49:51.536 [main] INFO  o.s.b.w.s.c.ServletWebServerApplicationContext-Root WebApplicationContext: initialization completed in 1247 ms
2025-07-14 20:49:52.278 [main] INFO  org.apache.coyote.http11.Http11NioProtocol-Starting ProtocolHandler ["http-nio-8080"]
2025-07-14 20:49:52.300 [main] INFO  o.s.boot.web.embedded.tomcat.TomcatWebServer-Tomcat started on port 8080 (http) with context path '/'
2025-07-14 20:49:52.308 [main] INFO  org.zishu.TliasWebManagementApplication-Started TliasWebManagementApplication in 2.39 seconds (process running for 3.6)
2025-07-14 20:49:56.159 [http-nio-8080-exec-1] INFO  o.a.c.core.ContainerBase.[Tomcat].[localhost].[/]-Initializing Spring DispatcherServlet 'dispatcherServlet'
2025-07-14 20:49:56.159 [http-nio-8080-exec-1] INFO  org.springframework.web.servlet.DispatcherServlet-Initializing Servlet 'dispatcherServlet'
2025-07-14 20:49:56.160 [http-nio-8080-exec-1] INFO  org.springframework.web.servlet.DispatcherServlet-Completed initialization in 1 ms
2025-07-14 20:49:56.219 [http-nio-8080-exec-2] INFO  org.zishu.filter.TokenFilter-令牌非法,响应401状态码
2025-07-14 20:49:56.219 [http-nio-8080-exec-1] INFO  org.zishu.filter.TokenFilter-令牌非法,响应401状态码
2025-07-14 20:50:03.807 [http-nio-8080-exec-3] INFO  org.zishu.filter.TokenFilter-登录请求,放行
2025-07-14 20:50:03.885 [http-nio-8080-exec-3] INFO  org.zishu.controller.LoginController-登录：Emp(id=null, username=songjiang, password=123456, name=null, gender=null, phone=null, job=null, salary=null, image=null, entryDate=null, deptId=null, createTime=null, updateTime=null, deptName=null, exprList=null)
2025-07-14 20:50:03.975 [http-nio-8080-exec-3] INFO  com.alibaba.druid.pool.DruidDataSource-{dataSource-1} inited
2025-07-14 20:50:04.171 [http-nio-8080-exec-3] INFO  org.zishu.service.impl.EmpServiceImpl-登陆成功,员工信息:Emp(id=2, username=songjiang, password=123456, name=宋江, gender=null, phone=null, job=null, salary=null, image=null, entryDate=null, deptId=null, createTime=null, updateTime=null, deptName=null, exprList=null)
2025-07-14 20:50:06.644 [http-nio-8080-exec-4] INFO  org.zishu.filter.TokenFilter-当前登录员工ID：2,将其存入TreadLocal
2025-07-14 20:50:06.644 [http-nio-8080-exec-5] INFO  org.zishu.filter.TokenFilter-当前登录员工ID：2,将其存入TreadLocal
2025-07-14 20:50:06.644 [http-nio-8080-exec-4] INFO  org.zishu.filter.TokenFilter-令牌合法,放行
2025-07-14 20:50:06.644 [http-nio-8080-exec-5] INFO  org.zishu.filter.TokenFilter-令牌合法,放行
2025-07-14 20:50:06.647 [http-nio-8080-exec-5] INFO  org.zishu.controller.ReportController-统计员工性别人数
2025-07-14 20:50:06.647 [http-nio-8080-exec-4] INFO  org.zishu.controller.ReportController-统计员工职位人数
2025-07-14 20:50:07.546 [http-nio-8080-exec-6] INFO  org.zishu.filter.TokenFilter-当前登录员工ID：2,将其存入TreadLocal
2025-07-14 20:50:07.546 [http-nio-8080-exec-6] INFO  org.zishu.filter.TokenFilter-令牌合法,放行
2025-07-14 20:50:07.548 [http-nio-8080-exec-7] INFO  org.zishu.filter.TokenFilter-当前登录员工ID：2,将其存入TreadLocal
2025-07-14 20:50:07.548 [http-nio-8080-exec-6] INFO  org.zishu.controller.ReportController-统计每个班级学员人数
2025-07-14 20:50:07.548 [http-nio-8080-exec-7] INFO  org.zishu.filter.TokenFilter-令牌合法,放行
2025-07-14 20:50:07.548 [http-nio-8080-exec-7] INFO  org.zishu.controller.ReportController-统计学员学历人数
2025-07-14 20:50:08.871 [http-nio-8080-exec-8] INFO  org.zishu.filter.TokenFilter-当前登录员工ID：2,将其存入TreadLocal
2025-07-14 20:50:08.871 [http-nio-8080-exec-8] INFO  org.zishu.filter.TokenFilter-令牌合法,放行
2025-07-14 20:50:08.877 [http-nio-8080-exec-8] ERROR org.zishu.exception.GlobalExceptionHandler-程序出错了
org.springframework.web.servlet.resource.NoResourceFoundException: No static resource log/page.
	at org.springframework.web.servlet.resource.ResourceHttpRequestHandler.handleRequest(ResourceHttpRequestHandler.java:585)
	at org.springframework.web.servlet.mvc.HttpRequestHandlerAdapter.handle(HttpRequestHandlerAdapter.java:52)
	at org.springframework.web.servlet.DispatcherServlet.doDispatch(DispatcherServlet.java:1089)
	at org.springframework.web.servlet.DispatcherServlet.doService(DispatcherServlet.java:979)
	at org.springframework.web.servlet.FrameworkServlet.processRequest(FrameworkServlet.java:1014)
	at org.springframework.web.servlet.FrameworkServlet.doGet(FrameworkServlet.java:903)
	at jakarta.servlet.http.HttpServlet.service(HttpServlet.java:564)
	at org.springframework.web.servlet.FrameworkServlet.service(FrameworkServlet.java:885)
	at jakarta.servlet.http.HttpServlet.service(HttpServlet.java:658)
	at org.apache.catalina.core.ApplicationFilterChain.internalDoFilter(ApplicationFilterChain.java:195)
	at org.apache.catalina.core.ApplicationFilterChain.doFilter(ApplicationFilterChain.java:140)
	at org.apache.tomcat.websocket.server.WsFilter.doFilter(WsFilter.java:51)
	at org.apache.catalina.core.ApplicationFilterChain.internalDoFilter(ApplicationFilterChain.java:164)
	at org.apache.catalina.core.ApplicationFilterChain.doFilter(ApplicationFilterChain.java:140)
	at org.zishu.filter.TokenFilter.doFilter(TokenFilter.java:61)
	at org.apache.catalina.core.ApplicationFilterChain.internalDoFilter(ApplicationFilterChain.java:164)
	at org.apache.catalina.core.ApplicationFilterChain.doFilter(ApplicationFilterChain.java:140)
	at org.springframework.web.filter.RequestContextFilter.doFilterInternal(RequestContextFilter.java:100)
	at org.springframework.web.filter.OncePerRequestFilter.doFilter(OncePerRequestFilter.java:116)
	at org.apache.catalina.core.ApplicationFilterChain.internalDoFilter(ApplicationFilterChain.java:164)
	at org.apache.catalina.core.ApplicationFilterChain.doFilter(ApplicationFilterChain.java:140)
	at org.springframework.web.filter.FormContentFilter.doFilterInternal(FormContentFilter.java:93)
	at org.springframework.web.filter.OncePerRequestFilter.doFilter(OncePerRequestFilter.java:116)
	at org.apache.catalina.core.ApplicationFilterChain.internalDoFilter(ApplicationFilterChain.java:164)
	at org.apache.catalina.core.ApplicationFilterChain.doFilter(ApplicationFilterChain.java:140)
	at org.springframework.web.filter.CharacterEncodingFilter.doFilterInternal(CharacterEncodingFilter.java:201)
	at org.springframework.web.filter.OncePerRequestFilter.doFilter(OncePerRequestFilter.java:116)
	at org.apache.catalina.core.ApplicationFilterChain.internalDoFilter(ApplicationFilterChain.java:164)
	at org.apache.catalina.core.ApplicationFilterChain.doFilter(ApplicationFilterChain.java:140)
	at org.apache.catalina.core.StandardWrapperValve.invoke(StandardWrapperValve.java:167)
	at org.apache.catalina.core.StandardContextValve.invoke(StandardContextValve.java:90)
	at org.apache.catalina.authenticator.AuthenticatorBase.invoke(AuthenticatorBase.java:483)
	at org.apache.catalina.core.StandardHostValve.invoke(StandardHostValve.java:116)
	at org.apache.catalina.valves.ErrorReportValve.invoke(ErrorReportValve.java:93)
	at org.apache.catalina.core.StandardEngineValve.invoke(StandardEngineValve.java:74)
	at org.apache.catalina.connector.CoyoteAdapter.service(CoyoteAdapter.java:344)
	at org.apache.coyote.http11.Http11Processor.service(Http11Processor.java:398)
	at org.apache.coyote.AbstractProcessorLight.process(AbstractProcessorLight.java:63)
	at org.apache.coyote.AbstractProtocol$ConnectionHandler.process(AbstractProtocol.java:903)
	at org.apache.tomcat.util.net.NioEndpoint$SocketProcessor.doRun(NioEndpoint.java:1740)
	at org.apache.tomcat.util.net.SocketProcessorBase.run(SocketProcessorBase.java:52)
	at org.apache.tomcat.util.threads.ThreadPoolExecutor.runWorker(ThreadPoolExecutor.java:1189)
	at org.apache.tomcat.util.threads.ThreadPoolExecutor$Worker.run(ThreadPoolExecutor.java:658)
	at org.apache.tomcat.util.threads.TaskThread$WrappingRunnable.run(TaskThread.java:63)
	at java.base/java.lang.Thread.run(Thread.java:833)
2025-07-14 20:52:18.374 [http-nio-8080-exec-9] INFO  org.zishu.filter.TokenFilter-当前登录员工ID：2,将其存入TreadLocal
2025-07-14 20:52:18.374 [http-nio-8080-exec-10] INFO  org.zishu.filter.TokenFilter-当前登录员工ID：2,将其存入TreadLocal
2025-07-14 20:52:18.375 [http-nio-8080-exec-9] INFO  org.zishu.filter.TokenFilter-令牌合法,放行
2025-07-14 20:52:18.375 [http-nio-8080-exec-10] INFO  org.zishu.filter.TokenFilter-令牌合法,放行
2025-07-14 20:52:18.375 [http-nio-8080-exec-10] INFO  org.zishu.controller.ReportController-统计学员学历人数
2025-07-14 20:52:18.375 [http-nio-8080-exec-9] INFO  org.zishu.controller.ReportController-统计每个班级学员人数
2025-07-14 20:52:19.021 [http-nio-8080-exec-2] INFO  org.zishu.filter.TokenFilter-当前登录员工ID：2,将其存入TreadLocal
2025-07-14 20:52:19.021 [http-nio-8080-exec-2] INFO  org.zishu.filter.TokenFilter-令牌合法,放行
2025-07-14 20:52:19.025 [http-nio-8080-exec-2] ERROR org.zishu.exception.GlobalExceptionHandler-程序出错了
org.springframework.web.servlet.resource.NoResourceFoundException: No static resource log/page.
	at org.springframework.web.servlet.resource.ResourceHttpRequestHandler.handleRequest(ResourceHttpRequestHandler.java:585)
	at org.springframework.web.servlet.mvc.HttpRequestHandlerAdapter.handle(HttpRequestHandlerAdapter.java:52)
	at org.springframework.web.servlet.DispatcherServlet.doDispatch(DispatcherServlet.java:1089)
	at org.springframework.web.servlet.DispatcherServlet.doService(DispatcherServlet.java:979)
	at org.springframework.web.servlet.FrameworkServlet.processRequest(FrameworkServlet.java:1014)
	at org.springframework.web.servlet.FrameworkServlet.doGet(FrameworkServlet.java:903)
	at jakarta.servlet.http.HttpServlet.service(HttpServlet.java:564)
	at org.springframework.web.servlet.FrameworkServlet.service(FrameworkServlet.java:885)
	at jakarta.servlet.http.HttpServlet.service(HttpServlet.java:658)
	at org.apache.catalina.core.ApplicationFilterChain.internalDoFilter(ApplicationFilterChain.java:195)
	at org.apache.catalina.core.ApplicationFilterChain.doFilter(ApplicationFilterChain.java:140)
	at org.apache.tomcat.websocket.server.WsFilter.doFilter(WsFilter.java:51)
	at org.apache.catalina.core.ApplicationFilterChain.internalDoFilter(ApplicationFilterChain.java:164)
	at org.apache.catalina.core.ApplicationFilterChain.doFilter(ApplicationFilterChain.java:140)
	at org.zishu.filter.TokenFilter.doFilter(TokenFilter.java:61)
	at org.apache.catalina.core.ApplicationFilterChain.internalDoFilter(ApplicationFilterChain.java:164)
	at org.apache.catalina.core.ApplicationFilterChain.doFilter(ApplicationFilterChain.java:140)
	at org.springframework.web.filter.RequestContextFilter.doFilterInternal(RequestContextFilter.java:100)
	at org.springframework.web.filter.OncePerRequestFilter.doFilter(OncePerRequestFilter.java:116)
	at org.apache.catalina.core.ApplicationFilterChain.internalDoFilter(ApplicationFilterChain.java:164)
	at org.apache.catalina.core.ApplicationFilterChain.doFilter(ApplicationFilterChain.java:140)
	at org.springframework.web.filter.FormContentFilter.doFilterInternal(FormContentFilter.java:93)
	at org.springframework.web.filter.OncePerRequestFilter.doFilter(OncePerRequestFilter.java:116)
	at org.apache.catalina.core.ApplicationFilterChain.internalDoFilter(ApplicationFilterChain.java:164)
	at org.apache.catalina.core.ApplicationFilterChain.doFilter(ApplicationFilterChain.java:140)
	at org.springframework.web.filter.CharacterEncodingFilter.doFilterInternal(CharacterEncodingFilter.java:201)
	at org.springframework.web.filter.OncePerRequestFilter.doFilter(OncePerRequestFilter.java:116)
	at org.apache.catalina.core.ApplicationFilterChain.internalDoFilter(ApplicationFilterChain.java:164)
	at org.apache.catalina.core.ApplicationFilterChain.doFilter(ApplicationFilterChain.java:140)
	at org.apache.catalina.core.StandardWrapperValve.invoke(StandardWrapperValve.java:167)
	at org.apache.catalina.core.StandardContextValve.invoke(StandardContextValve.java:90)
	at org.apache.catalina.authenticator.AuthenticatorBase.invoke(AuthenticatorBase.java:483)
	at org.apache.catalina.core.StandardHostValve.invoke(StandardHostValve.java:116)
	at org.apache.catalina.valves.ErrorReportValve.invoke(ErrorReportValve.java:93)
	at org.apache.catalina.core.StandardEngineValve.invoke(StandardEngineValve.java:74)
	at org.apache.catalina.connector.CoyoteAdapter.service(CoyoteAdapter.java:344)
	at org.apache.coyote.http11.Http11Processor.service(Http11Processor.java:398)
	at org.apache.coyote.AbstractProcessorLight.process(AbstractProcessorLight.java:63)
	at org.apache.coyote.AbstractProtocol$ConnectionHandler.process(AbstractProtocol.java:903)
	at org.apache.tomcat.util.net.NioEndpoint$SocketProcessor.doRun(NioEndpoint.java:1740)
	at org.apache.tomcat.util.net.SocketProcessorBase.run(SocketProcessorBase.java:52)
	at org.apache.tomcat.util.threads.ThreadPoolExecutor.runWorker(ThreadPoolExecutor.java:1189)
	at org.apache.tomcat.util.threads.ThreadPoolExecutor$Worker.run(ThreadPoolExecutor.java:658)
	at org.apache.tomcat.util.threads.TaskThread$WrappingRunnable.run(TaskThread.java:63)
	at java.base/java.lang.Thread.run(Thread.java:833)
2025-07-14 21:42:37.943 [SpringApplicationShutdownHook] INFO  o.s.boot.web.embedded.tomcat.GracefulShutdown-Commencing graceful shutdown. Waiting for active requests to complete
2025-07-14 21:42:38.358 [tomcat-shutdown] INFO  o.s.boot.web.embedded.tomcat.GracefulShutdown-Graceful shutdown complete
2025-07-14 21:42:38.360 [SpringApplicationShutdownHook] INFO  com.alibaba.druid.pool.DruidDataSource-{dataSource-1} closing ...
2025-07-14 21:42:38.360 [SpringApplicationShutdownHook] INFO  com.alibaba.druid.pool.DruidDataSource-{dataSource-1} closed
